[mesh ?덉긽移? ?덉씠??19媛?-> ?덉긽 elements ??380,000 (Student ?쒓퀎 512,000 횞 ?덉쟾??0.7 = ?덉궛 358,400)
[寃쎄퀬] ?덉긽 mesh element ??380,000)媛 ?덉쟾 ?덉궛(358,400)??珥덇낵??寃껋쑝濡?蹂댁엯?덈떎. mesh-fraction????텛嫄곕굹 濡쒖뺄 refinement ?곸뿭??以꾩씠??寃껋쓣 怨좊젮?섏꽭??(Icepak Student ?곹븳: 512,000 elements).
PyAEDT INFO: Python version 3.13.5 | packaged by Anaconda, Inc. | (main, Jun 12 2025, 16:37:03) [MSC v.1929 64 bit (AMD64)].
PyAEDT INFO: PyAEDT version 1.1.0.
PyAEDT INFO: Initializing new Desktop session.
PyAEDT INFO: AEDT version 2025.2SV Student.
PyAEDT INFO: New AEDT session is starting on gRPC port 61600.
PyAEDT INFO: Starting new AEDT gRPC session on port 61600.
PyAEDT INFO: Launching AEDT server with gRPC transport mode: TransportMode.INSECURE
PyAEDT INFO: Electronics Desktop started on gRPC port 61600 after 17.8 seconds.
PyAEDT INFO: AEDT installation Path C:\Program Files\ANSYS Inc\ANSYS Student\v252\AnsysEM
PyAEDT INFO: Connected to AEDT gRPC session on port 61600.
PyAEDT WARNING: Service Pack is not detected. PyAEDT is currently connecting in Insecure Mode.
PyAEDT WARNING: Please download and install latest Service Pack to use connect to AEDT in Secure Mode.
PyAEDT INFO: Non-graphical mode detected. Disabling Desktop logs.
PyAEDT INFO: Project hbm2e_p4_a_s1_fix1 has been created.
PyAEDT INFO: No design is present. Inserting a new design.
PyAEDT INFO: Added design 'Icepak_TVA' of type Icepak.
PyAEDT INFO: AEDT objects correctly read
PyAEDT INFO: Materials class has been initialized! Elapsed time: 0m 0sec
PyAEDT INFO: Adding new material to the Project Library: hbm_tsv_die_mat
PyAEDT INFO: Material has been added in Desktop.
PyAEDT INFO: Adding new material to the Project Library: hbm_bump_mat
PyAEDT INFO: Material has been added in Desktop.
PyAEDT INFO: Adding new material to the Project Library: hbm_top_die_mat
PyAEDT INFO: Material has been added in Desktop.
PyAEDT INFO: Adding new material to the Project Library: hbm_emc_mat
PyAEDT INFO: Material has been added in Desktop.
PyAEDT INFO: Modeler class has been initialized! Elapsed time: 0m 0sec
PyAEDT INFO: Boundary SourceIcepak source_base_die_phy has been created.
PyAEDT INFO: Boundary SourceIcepak source_base_die_tsva has been created.
PyAEDT INFO: Boundary SourceIcepak source_base_die_da has been created.
PyAEDT INFO: Boundary SourceIcepak source_dram_die_1 has been created.
PyAEDT INFO: Boundary SourceIcepak source_dram_die_2 has been created.
PyAEDT INFO: Boundary SourceIcepak source_dram_die_3 has been created.
PyAEDT INFO: Boundary SourceIcepak source_dram_die_4 has been created.
PyAEDT INFO: Boundary SourceIcepak source_dram_die_5 has been created.
PyAEDT INFO: Boundary SourceIcepak source_dram_die_6 has been created.
PyAEDT INFO: Boundary SourceIcepak source_dram_die_7 has been created.
PyAEDT INFO: Boundary SourceIcepak source_top_die has been created.
PyAEDT INFO: Boundary Stationary Wall heatsink_approx has been created.
PyAEDT INFO: Key MaxIterations matched internal key 'Convergence Criteria - Max Iterations' with confidence of 52.
PyAEDT INFO: Parsing C:\Users\user\Documents\Ansoft\hbm2e_p4_a_s1_fix1.aedt.
PyAEDT INFO: File C:\Users\user\Documents\Ansoft\hbm2e_p4_a_s1_fix1.aedt correctly loaded. Elapsed time: 0m 0sec
PyAEDT INFO: aedt file load time 0.011442184448242188
PyAEDT WARNING: No mesh operation found.
PyAEDT WARNING: No mesh region found.
PyAEDT INFO: Parsing design objects. This operation can take time
PyAEDT INFO: Refreshing bodies from Object Info
PyAEDT INFO: Bodies Info Refreshed Elapsed time: 0m 0sec
PyAEDT INFO: 3D Modeler objects parsed. Elapsed time: 0m 0sec
PyAEDT WARNING: Property Command is read-only.
PyAEDT INFO: Mesh class has been initialized! Elapsed time: 0m 0sec
PyAEDT INFO: Project hbm2e_p4_a_s1_fix1 Saved correctly
PyAEDT ERROR: Error in solving all setups (AnalyzeAll).
PyAEDT INFO: Design setup None solved correctly in 0.0h 0.0m 4.0s
[吏꾨떒] AEDT ?ㅼ씠?곕툕 硫붿떆吏 留ㅻ땲? ?뚯닔 (analyze() ?ㅽ뙣 吏곹썑): ['Project: *Global - Messages, [info]  GRPC server running on port: 61600.\n', 'Project: hbm2e_p4_a_s1_fix1, [info]  License electronics3d_gui expires in 13 days. (12:00:03 AM  Jul 19, 2026)', 'Project: hbm2e_p4_a_s1_fix1, [info]  License electronics_desktop expires in 13 days. (12:00:03 AM  Jul 19, 2026)', 'Project: hbm2e_p4_a_s1_fix1, Design: Icepak_TVA (SteadyState), [error]  Script macro error: Command is read only. (12:00:06 AM  Jul 19, 2026)', 'Project: hbm2e_p4_a_s1_fix1, Design: Icepak_TVA (SteadyState), [error]  Maximum licensed number of demo users already reached.\n (12:00:09 AM  Jul 19, 2026)', 'Project: hbm2e_p4_a_s1_fix1, Design: Icepak_TVA (SteadyState), [error]  Simulation was terminated by license error. (12:00:09 AM  Jul 19, 2026)', 'Project: hbm2e_p4_a_s1_fix1, Design: Icepak_TVA (SteadyState), [error]  Script macro error: Simulation for hbm2e_p4_a_s1_fix1 : Icepak_TVA has failed with execution error.  (12:00:10 AM  Jul 19, 2026)']
[吏꾨떒] ?꾩옱 ?깅줉??setup ?대쫫 紐⑸줉: ['Setup']
[?ㅻ쪟] ipk.analyze()媛 ?ㅽ뙣瑜?諛섑솚?덉뒿?덈떎 ???꾩쿂由щ? 嫄대꼫?곷땲?? ?댁꽍 ?뗭뾽/BC瑜??뺤씤??寃?
PyAEDT INFO: Desktop has been released and closed.
