 
Ansys Electronics Desktop Student Version 2025.2.0, Build: 2025-05-16 12:03:40
Location: C:\Program Files\ANSYS Inc\ANSYS Student\v252\AnsysEM\ansysedtsv.exe
Non Graphical Mode: No Project??
Starting Batch Run: 3:01:00 AM  Jul 13, 2026
Running as user : DESKTOP-ANON\user
Temp directory: C:\temp
Project directory: C:\Users\user\Documents\Ansoft
-- Message Window --
      *Global - Messages
        [info] GRPC server running on port: 50217. 
-- Message Window --
Stopping Batch Run: 3:05:35 AM  Jul 13, 2026
 
Ansys Electronics Desktop Student Version 2025.2.0, Build: 2025-05-16 12:03:40
Location: C:\Program Files\ANSYS Inc\ANSYS Student\v252\AnsysEM\ansysedtsv.exe
Non Graphical Mode: No Project??
Starting Batch Run: 3:08:24 AM  Jul 13, 2026
Running as user : DESKTOP-ANON\user
Temp directory: C:\temp
Project directory: C:\Users\user\Documents\Ansoft
-- Message Window --
      *Global - Messages
        [info] GRPC server running on port: 56556. 
-- Message Window --
Stopping Batch Run: 3:19:23 AM  Jul 13, 2026
 
Ansys Electronics Desktop Student Version 2025.2.0, Build: 2025-05-16 12:03:40
Location: C:\Program Files\ANSYS Inc\ANSYS Student\v252\AnsysEM\ansysedtsv.exe
Non Graphical Mode: No Project??
Starting Batch Run: 3:21:30 AM  Jul 13, 2026
Running as user : DESKTOP-ANON\user
Temp directory: C:\temp
Project directory: C:\Users\user\Documents\Ansoft
-- Message Window --
      *Global - Messages
        [info] GRPC server running on port: 52902. 
-- Message Window --
Stopping Batch Run: 3:34:56 AM  Jul 13, 2026
 
Ansys Electronics Desktop Student Version 2025.2.0, Build: 2025-05-16 12:03:40
Location: C:\Program Files\ANSYS Inc\ANSYS Student\v252\AnsysEM\ansysedtsv.exe
Non Graphical Mode: No Project??
Starting Batch Run: 10:50:45 AM  Jul 13, 2026
Running as user : DESKTOP-ANON\user
Temp directory: C:\temp
Project directory: C:\Users\user\Documents\Ansoft
-- Message Window --
      *Global - Messages
        [info] GRPC server running on port: 51161. 
-- Message Window --
Stopping Batch Run: 11:08:06 AM  Jul 13, 2026
 
Ansys Electronics Desktop Student Version 2025.2.0, Build: 2025-05-16 12:03:40
Location: C:\Program Files\ANSYS Inc\ANSYS Student\v252\AnsysEM\ansysedtsv.exe
Non Graphical Mode: No Project??
Starting Batch Run: 11:20:25 AM  Jul 13, 2026
Running as user : DESKTOP-ANON\user
Temp directory: C:\temp
Project directory: C:\Users\user\Documents\Ansoft
The project 'Project2' has been edited and/or solved. Do you want to save the changes?
-- Message Window --
      *Global - Messages
        [info] GRPC server running on port: 50051. 
        [info] The project 'Project2' has been edited and/or solved. Do you want to save the changes?
-- Message Window --
Stopping Batch Run: 11:58:44 AM  Jul 13, 2026

-- Message Window --
      *Global - Messages
        [error] Error launching GRPC server on port: 50051. Port may be in use. 
-- Message Window --
Stopping Batch Run: 11:33:24 AM  Jul 13, 2026
 
Ansys Electronics Desktop Student Version 2025.2.0, Build: 2025-05-16 12:03:40
Location: C:\Program Files\ANSYS Inc\ANSYS Student\v252\AnsysEM\ansysedtsv.exe
Non Graphical Mode: No Project??
Starting Batch Run: 11:58:49 AM  Jul 13, 2026
Running as user : DESKTOP-ANON\user
Temp directory: C:\temp
Project directory: C:\Users\user\Documents\Ansoft
The project 'hbm2e_8hi' has been edited and/or solved. Do you want to save the changes?
-- Message Window --
      *Global - Messages
        [info] GRPC server running on port: 60480. 
        [info] The project 'hbm2e_8hi' has been edited and/or solved. Do you want to save the changes?
-- Message Window --
Stopping Batch Run: 12:13:24 PM  Jul 13, 2026
 
Ansys Electronics Desktop Student Version 2025.2.0, Build: 2025-05-16 12:03:40
Location: C:\Program Files\ANSYS Inc\ANSYS Student\v252\AnsysEM\ansysedtsv.exe
Non Graphical Mode: No Project??
Starting Batch Run: 12:23:23 PM  Jul 13, 2026
Running as user : DESKTOP-ANON\user
Temp directory: C:\temp
Project directory: C:\Users\user\Documents\Ansoft
-- Message Window --
      *Global - Messages
        [info] GRPC server running on port: 52327. 
-- Message Window --
Stopping Batch Run: 12:25:15 PM  Jul 13, 2026
 
Ansys Electronics Desktop Student Version 2025.2.0, Build: 2025-05-16 12:03:40
Location: C:\Program Files\ANSYS Inc\ANSYS Student\v252\AnsysEM\ansysedtsv.exe
Non Graphical Mode: No Project??
Starting Batch Run: 12:30:32 PM  Jul 13, 2026
Running as user : DESKTOP-ANON\user
Temp directory: C:\temp
Project directory: C:\Users\user\Documents\Ansoft
-- Message Window --
      *Global - Messages
        [info] GRPC server running on port: 59907. 
-- Message Window --
Stopping Batch Run: 12:33:01 PM  Jul 13, 2026
 
Ansys Electronics Desktop Student Version 2025.2.0, Build: 2025-05-16 12:03:40
Location: C:\Program Files\ANSYS Inc\ANSYS Student\v252\AnsysEM\ansysedtsv.exe
Non Graphical Mode: No Project??
Starting Batch Run: 12:43:31 PM  Jul 13, 2026
Running as user : DESKTOP-ANON\user
Temp directory: C:\temp
Project directory: C:\Users\user\Documents\Ansoft
-- Message Window --
      *Global - Messages
        [info] GRPC server running on port: 57218. 
-- Message Window --
Stopping Batch Run: 12:45:57 PM  Jul 13, 2026
 
Ansys Electronics Desktop Student Version 2025.2.0, Build: 2025-05-16 12:03:40
Location: C:\Program Files\ANSYS Inc\ANSYS Student\v252\AnsysEM\ansysedtsv.exe
Non Graphical Mode: No Project??
Starting Batch Run: 1:49:52 PM  Jul 13, 2026
Running as user : DESKTOP-ANON\user
Temp directory: C:\temp
Project directory: C:\Users\user\Documents\Ansoft
-- Message Window --
      *Global - Messages
        [info] GRPC server running on port: 49697. 
-- Message Window --
Stopping Batch Run: 1:52:44 PM  Jul 13, 2026
 
Ansys Electronics Desktop Student Version 2025.2.0, Build: 2025-05-16 12:03:40
Location: C:\Program Files\ANSYS Inc\ANSYS Student\v252\AnsysEM\ansysedtsv.exe
Non Graphical Mode: No Project??
Starting Batch Run: 5:03:58 PM  Jul 13, 2026
Running as user : DESKTOP-ANON\user
Temp directory: C:\temp
Project directory: C:\Users\user\Documents\Ansoft
-- Message Window --
      *Global - Messages
        [info] GRPC server running on port: 56963. 
-- Message Window --
Stopping Batch Run: 5:06:55 PM  Jul 13, 2026
 
Ansys Electronics Desktop Student Version 2025.2.0, Build: 2025-05-16 12:03:40
Location: C:\Program Files\ANSYS Inc\ANSYS Student\v252\AnsysEM\ansysedtsv.exe
Non Graphical Mode: No Project??
Starting Batch Run: 5:07:01 PM  Jul 13, 2026
Running as user : DESKTOP-ANON\user
Temp directory: C:\temp
Project directory: C:\Users\user\Documents\Ansoft
-- Message Window --
      *Global - Messages
        [info] GRPC server running on port: 57085. 
-- Message Window --
Stopping Batch Run: 5:09:15 PM  Jul 13, 2026
 
Ansys Electronics Desktop Student Version 2025.2.0, Build: 2025-05-16 12:03:40
Location: C:\Program Files\ANSYS Inc\ANSYS Student\v252\AnsysEM\ansysedtsv.exe
Non Graphical Mode: No Project??
Starting Batch Run: 5:09:20 PM  Jul 13, 2026
Running as user : DESKTOP-ANON\user
Temp directory: C:\temp
Project directory: C:\Users\user\Documents\Ansoft
-- Message Window --
      *Global - Messages
        [info] GRPC server running on port: 60324. 
-- Message Window --
Stopping Batch Run: 5:11:25 PM  Jul 13, 2026
 
Ansys Electronics Desktop Student Version 2025.2.0, Build: 2025-05-16 12:03:40
Location: C:\Program Files\ANSYS Inc\ANSYS Student\v252\AnsysEM\ansysedtsv.exe
Non Graphical Mode: No Project??
Starting Batch Run: 5:11:31 PM  Jul 13, 2026
Running as user : DESKTOP-ANON\user
Temp directory: C:\temp
Project directory: C:\Users\user\Documents\Ansoft
The project 'hbm2e_8hi_meshconv_L4' has been edited and/or solved. Do you want to save the changes?
-- Message Window --
      *Global - Messages
        [info] GRPC server running on port: 59852. 
        [info] The project 'hbm2e_8hi_meshconv_L4' has been edited and/or solved. Do you want to save the changes?
      hbm2e_8hi_meshconv_L4 (C:/Users/user/Documents/Ansoft/)
        Icepak_KKA (SteadyState)
          [error] Script macro error: Command is read only. (05:12:14 PM  Jul 13, 2026)
          [info] Validation warning: Skipped entity checks. (05:12:20 PM  Jul 13, 2026)
          [warning] Warning - Boundary 'source_dram_die_7' and Boundary 'source_top_die' overlap.   (05:12:21 PM  Jul 13, 2026)
          [error] Setup: Mesh size (643720 volume elements) is greater than the limit for simulation in Ansys Electronics Desktop Student. (05:12:32 PM  Jul 13, 2026)
          [error] Simulation completed with execution error on server: Local Machine. (05:12:33 PM  Jul 13, 2026)
          [error] Script macro error: Simulation for hbm2e_8hi_meshconv_L4 : Icepak_KKA has failed with execution error.  (05:12:33 PM  Jul 13, 2026)
          [error] Setup: Failed to obtain mesh size for Ansys Electronics Desktop Student mesh limit check. (05:12:34 PM  Jul 13, 2026)
          [error] Script macro error: Error in performing operation. (05:12:34 PM  Jul 13, 2026)
-- Message Window --
Stopping Batch Run: 6:13:07 PM  Jul 13, 2026
 
Ansys Electronics Desktop Student Version 2025.2.0, Build: 2025-05-16 12:03:40
Location: C:\Program Files\ANSYS Inc\ANSYS Student\v252\AnsysEM\ansysedtsv.exe
Non Graphical Mode: No Project??
Starting Batch Run: 6:13:11 PM  Jul 13, 2026
Running as user : DESKTOP-ANON\user
Temp directory: C:\temp
Project directory: C:\Users\user\Documents\Ansoft
[warning] Electronics Desktop Student cannot be closed right now because it is being used by another application, script or extension wizard.

[warning] Electronics Desktop Student cannot be closed right now because it is being used by another application, script or extension wizard.

[warning] Electronics Desktop Student cannot be closed right now because it is being used by another application, script or extension wizard.

[warning] Electronics Desktop Student cannot be closed right now because it is being used by another application, script or extension wizard.

[warning] Electronics Desktop Student cannot be closed right now because it is being used by another application, script or extension wizard.

 
Ansys Electronics Desktop Student Version 2025.2.0, Build: 2025-05-16 12:03:40
Location: C:\Program Files\ANSYS Inc\ANSYS Student\v252\AnsysEM\ansysedtsv.exe
Non Graphical Mode: No Project??
Starting Batch Run: 7:38:18 PM  Jul 13, 2026
Running as user : DESKTOP-ANON\user
Temp directory: C:\temp
Project directory: C:\Users\user\Documents\Ansoft
-- Message Window --
      *Global - Messages
        [info] GRPC server running on port: 58755. 
-- Message Window --
Stopping Batch Run: 7:46:40 PM  Jul 13, 2026
 
Ansys Electronics Desktop Student Version 2025.2.0, Build: 2025-05-16 12:03:40
Location: C:\Program Files\ANSYS Inc\ANSYS Student\v252\AnsysEM\ansysedtsv.exe
Non Graphical Mode: No Project??
Starting Batch Run: 11:13:15 PM  Jul 13, 2026
Running as user : DESKTOP-ANON\user
Temp directory: C:\temp
Project directory: C:\Users\user\Documents\Ansoft
-- Message Window --
      *Global - Messages
        [info] GRPC server running on port: 63572. 
-- Message Window --
Stopping Batch Run: 11:14:53 PM  Jul 13, 2026
 
Ansys Electronics Desktop Student Version 2025.2.0, Build: 2025-05-16 12:03:40
Location: C:\Program Files\ANSYS Inc\ANSYS Student\v252\AnsysEM\ansysedtsv.exe
Non Graphical Mode: No Project??
Starting Batch Run: 11:14:59 PM  Jul 13, 2026
Running as user : DESKTOP-ANON\user
Temp directory: C:\temp
Project directory: C:\Users\user\Documents\Ansoft
 
Ansys Electronics Desktop Student Version 2025.2.0, Build: 2025-05-16 12:03:40
Location: C:\Program Files\ANSYS Inc\ANSYS Student\v252\AnsysEM\ansysedtsv.exe
Non Graphical Mode: No Project??
Starting Batch Run: 11:22:43 PM  Jul 13, 2026
Running as user : DESKTOP-ANON\user
Temp directory: C:\temp
Project directory: C:\Users\user\Documents\Ansoft
-- Message Window --
      *Global - Messages
        [info] GRPC server running on port: 54983. 
-- Message Window --
Stopping Batch Run: 11:24:17 PM  Jul 13, 2026
 
Ansys Electronics Desktop Student Version 2025.2.0, Build: 2025-05-16 12:03:40
Location: C:\Program Files\ANSYS Inc\ANSYS Student\v252\AnsysEM\ansysedtsv.exe
Non Graphical Mode: No Project??
Starting Batch Run: 11:24:22 PM  Jul 13, 2026
Running as user : DESKTOP-ANON\user
Temp directory: C:\temp
Project directory: C:\Users\user\Documents\Ansoft
-- Message Window --
      *Global - Messages
        [info] GRPC server running on port: 59221. 
-- Message Window --
Stopping Batch Run: 11:26:02 PM  Jul 13, 2026
 
Ansys Electronics Desktop Student Version 2025.2.0, Build: 2025-05-16 12:03:40
Location: C:\Program Files\ANSYS Inc\ANSYS Student\v252\AnsysEM\ansysedtsv.exe
Non Graphical Mode: No Project??
Starting Batch Run: 11:26:07 PM  Jul 13, 2026
Running as user : DESKTOP-ANON\user
Temp directory: C:\temp
Project directory: C:\Users\user\Documents\Ansoft
-- Message Window --
      *Global - Messages
        [info] GRPC server running on port: 62178. 
-- Message Window --
Stopping Batch Run: 11:28:28 PM  Jul 13, 2026
 
Ansys Electronics Desktop Student Version 2025.2.0, Build: 2025-05-16 12:03:40
Location: C:\Program Files\ANSYS Inc\ANSYS Student\v252\AnsysEM\ansysedtsv.exe
Non Graphical Mode: No Project??
Starting Batch Run: 11:28:32 PM  Jul 13, 2026
Running as user : DESKTOP-ANON\user
Temp directory: C:\temp
Project directory: C:\Users\user\Documents\Ansoft
-- Message Window --
      *Global - Messages
        [info] GRPC server running on port: 61303. 
-- Message Window --
Stopping Batch Run: 11:30:13 PM  Jul 13, 2026
 
Ansys Electronics Desktop Student Version 2025.2.0, Build: 2025-05-16 12:03:40
Location: C:\Program Files\ANSYS Inc\ANSYS Student\v252\AnsysEM\ansysedtsv.exe
Non Graphical Mode: No Project??
Starting Batch Run: 11:42:28 PM  Jul 13, 2026
Running as user : DESKTOP-ANON\user
Temp directory: C:\temp
Project directory: C:\Users\user\Documents\Ansoft
-- Message Window --
      *Global - Messages
        [info] GRPC server running on port: 62615. 
-- Message Window --
Stopping Batch Run: 11:44:08 PM  Jul 13, 2026
 
Ansys Electronics Desktop Student Version 2025.2.0, Build: 2025-05-16 12:03:40
Location: C:\Program Files\ANSYS Inc\ANSYS Student\v252\AnsysEM\ansysedtsv.exe
Non Graphical Mode: No Project??
Starting Batch Run: 6:03:37 PM  Jul 17, 2026
Running as user : DESKTOP-ANON\user
Temp directory: C:\temp
Project directory: C:\Users\user\Documents\Ansoft
[info] GRPC server running on port: 49787.

[info] Project:hbm2e_p3_s0, License electronics3d_gui expires in 14 days. (06:04:21 PM  Jul 17, 2026)
[info] Project:hbm2e_p3_s0, License electronics_desktop expires in 14 days. (06:04:21 PM  Jul 17, 2026)
[error] Project:hbm2e_p3_s0, Design:Icepak_IX7 (SteadyState), Script macro error: Command is read only. (06:04:24 PM  Jul 17, 2026)
[info] Project:hbm2e_p3_s0, Design:Icepak_IX7 (SteadyState), Validation warning: Skipped entity checks. (06:04:28 PM  Jul 17, 2026)
[warning] Project:hbm2e_p3_s0, Design:Icepak_IX7 (SteadyState), Warning - Boundary 'source_base_die_phy' and Boundary 'source_base_die_tsva' overlap.   (06:04:28 PM  Jul 17, 2026)
[warning] Project:hbm2e_p3_s0, Design:Icepak_IX7 (SteadyState), Warning - Boundary 'source_base_die_tsva' and Boundary 'source_base_die_da' overlap.   (06:04:28 PM  Jul 17, 2026)
[warning] Project:hbm2e_p3_s0, Design:Icepak_IX7 (SteadyState), Warning - Boundary 'source_dram_die_7' and Boundary 'source_top_die' overlap.   (06:04:28 PM  Jul 17, 2026)
[warning] Project:hbm2e_p3_s0, Design:Icepak_IX7 (SteadyState), 'Global': Object does not have mesh. (06:04:32 PM  Jul 17, 2026)
[info] Project:hbm2e_p3_s0, Design:Icepak_IX7 (SteadyState), Normal completion of simulation on server: Local Machine. (06:05:20 PM  Jul 17, 2026)
[warning] Project:hbm2e_p3_s0, Design:Icepak_IX7 (SteadyState), 'Global': Object does not have mesh. (06:05:22 PM  Jul 17, 2026)
Stopping Batch Run: 6:05:42 PM  Jul 17, 2026
 
Ansys Electronics Desktop Student Version 2025.2.0, Build: 2025-05-16 12:03:40
Location: C:\Program Files\ANSYS Inc\ANSYS Student\v252\AnsysEM\ansysedtsv.exe
Non Graphical Mode: No Project??
Starting Batch Run: 6:05:59 PM  Jul 17, 2026
Running as user : DESKTOP-ANON\user
Temp directory: C:\temp
Project directory: C:\Users\user\Documents\Ansoft
[info] GRPC server running on port: 61883.

[info] Project:hbm2e_p3_s1, License electronics3d_gui expires in 14 days. (06:06:25 PM  Jul 17, 2026)
[info] Project:hbm2e_p3_s1, License electronics_desktop expires in 14 days. (06:06:25 PM  Jul 17, 2026)
[error] Project:hbm2e_p3_s1, Design:Icepak_GV9 (SteadyState), Script macro error: Command is read only. (06:06:28 PM  Jul 17, 2026)
[info] Project:hbm2e_p3_s1, Design:Icepak_GV9 (SteadyState), Validation warning: Skipped entity checks. (06:06:31 PM  Jul 17, 2026)
[warning] Project:hbm2e_p3_s1, Design:Icepak_GV9 (SteadyState), Warning - Boundary 'source_base_die_phy' and Boundary 'source_base_die_tsva' overlap.   (06:06:31 PM  Jul 17, 2026)
[warning] Project:hbm2e_p3_s1, Design:Icepak_GV9 (SteadyState), Warning - Boundary 'source_base_die_tsva' and Boundary 'source_base_die_da' overlap.   (06:06:31 PM  Jul 17, 2026)
[warning] Project:hbm2e_p3_s1, Design:Icepak_GV9 (SteadyState), Warning - Boundary 'source_dram_die_7' and Boundary 'source_top_die' overlap.   (06:06:31 PM  Jul 17, 2026)
[warning] Project:hbm2e_p3_s1, Design:Icepak_GV9 (SteadyState), 'Global': Object does not have mesh. (06:06:35 PM  Jul 17, 2026)
[info] Project:hbm2e_p3_s1, Design:Icepak_GV9 (SteadyState), Normal completion of simulation on server: Local Machine. (06:07:38 PM  Jul 17, 2026)
[warning] Project:hbm2e_p3_s1, Design:Icepak_GV9 (SteadyState), 'Global': Object does not have mesh. (06:07:44 PM  Jul 17, 2026)
Stopping Batch Run: 6:08:04 PM  Jul 17, 2026
 
Ansys Electronics Desktop Student Version 2025.2.0, Build: 2025-05-16 12:03:40
Location: C:\Program Files\ANSYS Inc\ANSYS Student\v252\AnsysEM\ansysedtsv.exe
Non Graphical Mode: No Project??
Starting Batch Run: 6:08:16 PM  Jul 17, 2026
Running as user : DESKTOP-ANON\user
Temp directory: C:\temp
Project directory: C:\Users\user\Documents\Ansoft
[info] GRPC server running on port: 55965.

[info] Project:hbm2e_p3_s2, License electronics3d_gui expires in 14 days. (06:08:38 PM  Jul 17, 2026)
[info] Project:hbm2e_p3_s2, License electronics_desktop expires in 14 days. (06:08:38 PM  Jul 17, 2026)
[error] Project:hbm2e_p3_s2, Design:Icepak_W1W (SteadyState), Script macro error: Command is read only. (06:08:39 PM  Jul 17, 2026)
[info] Project:hbm2e_p3_s2, Design:Icepak_W1W (SteadyState), Validation warning: Skipped entity checks. (06:08:41 PM  Jul 17, 2026)
[warning] Project:hbm2e_p3_s2, Design:Icepak_W1W (SteadyState), Warning - Boundary 'source_base_die_phy' and Boundary 'source_base_die_tsva' overlap.   (06:08:41 PM  Jul 17, 2026)
[warning] Project:hbm2e_p3_s2, Design:Icepak_W1W (SteadyState), Warning - Boundary 'source_base_die_tsva' and Boundary 'source_base_die_da' overlap.   (06:08:41 PM  Jul 17, 2026)
[warning] Project:hbm2e_p3_s2, Design:Icepak_W1W (SteadyState), Warning - Boundary 'source_dram_die_7' and Boundary 'source_top_die' overlap.   (06:08:41 PM  Jul 17, 2026)
[warning] Project:hbm2e_p3_s2, Design:Icepak_W1W (SteadyState), 'Global': Object does not have mesh. (06:08:44 PM  Jul 17, 2026)
[info] Project:hbm2e_p3_s2, Design:Icepak_W1W (SteadyState), Normal completion of simulation on server: Local Machine. (06:09:27 PM  Jul 17, 2026)
[warning] Project:hbm2e_p3_s2, Design:Icepak_W1W (SteadyState), 'Global': Object does not have mesh. (06:09:29 PM  Jul 17, 2026)
Stopping Batch Run: 6:09:46 PM  Jul 17, 2026
 
Ansys Electronics Desktop Student Version 2025.2.0, Build: 2025-05-16 12:03:40
Location: C:\Program Files\ANSYS Inc\ANSYS Student\v252\AnsysEM\ansysedtsv.exe
Non Graphical Mode: No Project??
Starting Batch Run: 10:13:38 PM  Jul 17, 2026
Running as user : DESKTOP-ANON\user
Temp directory: C:\temp
Project directory: C:\Users\user\Documents\Ansoft
-- Message Window --
      *Global - Messages
        [info] GRPC server running on port: 59152. 
-- Message Window --
Stopping Batch Run: 10:17:25 PM  Jul 17, 2026
p directory: C:\temp
Project directory: C:\Users\user\Documents\Ansoft
[error] No such feature exists.
Feature
icepak_gui
License path
C
\Users\user\AppData\Local\Temp\\29c53c1a-2c68-439b-94fe-5c3e9a6e1775;
FlexNet Licensing error
-5,357


 
Ansys Electronics Desktop Student Version 2025.2.0, Build: 2025-05-16 12:03:40
Location: C:\Program Files\ANSYS Inc\ANSYS Student\v252\AnsysEM\ansysedtsv.exe
Non Graphical Mode: No Project??
Starting Batch Run: 10:20:17 PM  Jul 17, 2026
Running as user : DESKTOP-ANON\user
Temp directory: C:\temp
Project directory: C:\Users\user\Documents\Ansoft
 
Ansys Electronics Desktop Student Version 2025.2.0, Build: 2025-05-16 12:03:40
Location: C:\Program Files\ANSYS Inc\ANSYS Student\v252\AnsysEM\ansysedtsv.exe
Non Graphical Mode: No Project??
Starting Batch Run: 10:31:18 PM  Jul 17, 2026
Running as user : DESKTOP-ANON\user
Temp directory: C:\temp
Project directory: C:\Users\user\Documents\Ansoft
-- Message Window --
      *Global - Messages
        [info] GRPC server running on port: 56601. 
-- Message Window --
Stopping Batch Run: 10:32:17 PM  Jul 17, 2026
phical Mode: No Project??
Starting Batch Run: 10:31:32 PM  Jul 17, 2026
Running as user : DESKTOP-ANON\user
Temp directory: C:\temp
Project directory: C:\Users\user\Documents\Ansoft
[error] No such feature exists.
Feature
icepak_gui
License path
C
\Users\user\AppData\Local\Temp\\c563ec6a-33b1-4533-bca7-d15fede68e20;
FlexNet Licensing error
-5,357


